mode: set
github.com/aydinmuzaffer/migration-tool-service/src/migrationtool/storage/pricing/delivery_area_polygon.go:18.146,25.46 5 0
github.com/aydinmuzaffer/migration-tool-service/src/migrationtool/storage/pricing/delivery_area_polygon.go:35.2,37.17 3 0
github.com/aydinmuzaffer/migration-tool-service/src/migrationtool/storage/pricing/delivery_area_polygon.go:25.46,34.3 4 0
github.com/aydinmuzaffer/migration-tool-service/src/migrationtool/storage/pricing/delivery_area_polygon.go:42.42,46.2 1 0
github.com/aydinmuzaffer/migration-tool-service/src/migrationtool/service/delivery_area_polygon/service.go:27.41,29.2 1 0
github.com/aydinmuzaffer/migration-tool-service/src/migrationtool/service/delivery_area_polygon/service.go:31.98,36.2 2 0
github.com/aydinmuzaffer/migration-tool-service/src/migrationtool/service/delivery_area_polygon/service.go:38.103,41.31 2 0
github.com/aydinmuzaffer/migration-tool-service/src/migrationtool/service/delivery_area_polygon/service.go:50.2,50.31 1 0
github.com/aydinmuzaffer/migration-tool-service/src/migrationtool/service/delivery_area_polygon/service.go:57.2,57.36 1 0
github.com/aydinmuzaffer/migration-tool-service/src/migrationtool/service/delivery_area_polygon/service.go:61.2,61.44 1 0
github.com/aydinmuzaffer/migration-tool-service/src/migrationtool/service/delivery_area_polygon/service.go:41.31,42.24 1 0
github.com/aydinmuzaffer/migration-tool-service/src/migrationtool/service/delivery_area_polygon/service.go:42.24,43.50 1 0
github.com/aydinmuzaffer/migration-tool-service/src/migrationtool/service/delivery_area_polygon/service.go:46.4,46.14 1 0
github.com/aydinmuzaffer/migration-tool-service/src/migrationtool/service/delivery_area_polygon/service.go:43.50,45.5 1 0
github.com/aydinmuzaffer/migration-tool-service/src/migrationtool/service/delivery_area_polygon/service.go:50.31,51.24 1 0
github.com/aydinmuzaffer/migration-tool-service/src/migrationtool/service/delivery_area_polygon/service.go:51.24,54.4 2 0
github.com/aydinmuzaffer/migration-tool-service/src/migrationtool/service/delivery_area_polygon/service.go:57.36,59.3 1 0
github.com/aydinmuzaffer/migration-tool-service/src/migrationtool/service/delivery_area_polygon/service.go:76.77,78.28 2 0
github.com/aydinmuzaffer/migration-tool-service/src/migrationtool/service/delivery_area_polygon/service.go:87.2,88.10 2 0
github.com/aydinmuzaffer/migration-tool-service/src/migrationtool/service/delivery_area_polygon/service.go:78.28,86.3 3 0
github.com/aydinmuzaffer/migration-tool-service/src/migrationtool/service/delivery_area_polygon/service.go:91.82,92.36 1 0
github.com/aydinmuzaffer/migration-tool-service/src/migrationtool/service/delivery_area_polygon/service.go:100.2,100.15 1 0
github.com/aydinmuzaffer/migration-tool-service/src/migrationtool/service/delivery_area_polygon/service.go:92.36,95.17 3 0
github.com/aydinmuzaffer/migration-tool-service/src/migrationtool/service/delivery_area_polygon/service.go:98.3,98.29 1 0
github.com/aydinmuzaffer/migration-tool-service/src/migrationtool/service/delivery_area_polygon/service.go:95.17,97.4 1 0
github.com/aydinmuzaffer/migration-tool-service/src/migrationtool/service/delivery_area_polygon/service.go:103.79,104.36 1 0
github.com/aydinmuzaffer/migration-tool-service/src/migrationtool/service/delivery_area_polygon/service.go:109.2,109.10 1 0
github.com/aydinmuzaffer/migration-tool-service/src/migrationtool/service/delivery_area_polygon/service.go:104.36,108.3 3 0
github.com/aydinmuzaffer/migration-tool-service/src/migrationtool/service/delivery_area_polygon/service.go:112.87,114.2 1 0
github.com/aydinmuzaffer/migration-tool-service/src/migrationtool/service/delivery_area_polygon/service.go:116.131,118.26 2 0
github.com/aydinmuzaffer/migration-tool-service/src/migrationtool/service/delivery_area_polygon/service.go:137.2,137.26 1 0
github.com/aydinmuzaffer/migration-tool-service/src/migrationtool/service/delivery_area_polygon/service.go:118.26,122.17 4 0
github.com/aydinmuzaffer/migration-tool-service/src/migrationtool/service/delivery_area_polygon/service.go:126.3,135.40 5 0
github.com/aydinmuzaffer/migration-tool-service/src/migrationtool/service/delivery_area_polygon/service.go:122.17,124.12 2 0
github.com/aydinmuzaffer/migration-tool-service/src/migrationtool/service/delivery_area_polygon/service.go:140.58,143.31 3 0
github.com/aydinmuzaffer/migration-tool-service/src/migrationtool/service/delivery_area_polygon/service.go:153.2,155.19 3 0
github.com/aydinmuzaffer/migration-tool-service/src/migrationtool/service/delivery_area_polygon/service.go:158.2,158.66 1 0
github.com/aydinmuzaffer/migration-tool-service/src/migrationtool/service/delivery_area_polygon/service.go:143.31,144.27 1 0
github.com/aydinmuzaffer/migration-tool-service/src/migrationtool/service/delivery_area_polygon/service.go:144.27,149.4 4 0
github.com/aydinmuzaffer/migration-tool-service/src/migrationtool/service/delivery_area_polygon/service.go:155.19,157.3 1 0
github.com/aydinmuzaffer/migration-tool-service/src/migrationtool/service/delivery_area_polygon/service.go:161.74,163.16 2 0
github.com/aydinmuzaffer/migration-tool-service/src/migrationtool/service/delivery_area_polygon/service.go:166.2,167.42 2 0
github.com/aydinmuzaffer/migration-tool-service/src/migrationtool/service/delivery_area_polygon/service.go:170.2,171.32 2 0
github.com/aydinmuzaffer/migration-tool-service/src/migrationtool/service/delivery_area_polygon/service.go:163.16,165.3 1 0
github.com/aydinmuzaffer/migration-tool-service/src/migrationtool/service/delivery_area_polygon/service.go:167.42,169.3 1 0
github.com/aydinmuzaffer/migration-tool-service/src/migrationtool/storage/pricing/delivery_area.go:18.111,26.34 5 0
github.com/aydinmuzaffer/migration-tool-service/src/migrationtool/storage/pricing/delivery_area.go:52.2,54.17 3 0
github.com/aydinmuzaffer/migration-tool-service/src/migrationtool/storage/pricing/delivery_area.go:26.34,51.3 12 0
github.com/aydinmuzaffer/migration-tool-service/src/migrationtool/storage/pricing/delivery_area.go:59.35,63.2 1 0
github.com/aydinmuzaffer/migration-tool-service/src/migrationtool/service/migration/service.go:28.63,30.16 2 0
github.com/aydinmuzaffer/migration-tool-service/src/migrationtool/service/migration/service.go:34.2,36.34 3 0
github.com/aydinmuzaffer/migration-tool-service/src/migrationtool/service/migration/service.go:66.2,66.33 1 0
github.com/aydinmuzaffer/migration-tool-service/src/migrationtool/service/migration/service.go:69.2,69.12 1 0
github.com/aydinmuzaffer/migration-tool-service/src/migrationtool/service/migration/service.go:30.16,32.3 1 0
github.com/aydinmuzaffer/migration-tool-service/src/migrationtool/service/migration/service.go:36.34,38.26 2 0
github.com/aydinmuzaffer/migration-tool-service/src/migrationtool/service/migration/service.go:38.26,39.22 1 0
github.com/aydinmuzaffer/migration-tool-service/src/migrationtool/service/migration/service.go:39.22,41.19 2 0
github.com/aydinmuzaffer/migration-tool-service/src/migrationtool/service/migration/service.go:45.5,45.67 1 0
github.com/aydinmuzaffer/migration-tool-service/src/migrationtool/service/migration/service.go:49.5,50.19 2 0
github.com/aydinmuzaffer/migration-tool-service/src/migrationtool/service/migration/service.go:54.5,55.19 2 0
github.com/aydinmuzaffer/migration-tool-service/src/migrationtool/service/migration/service.go:59.5,59.85 1 0
github.com/aydinmuzaffer/migration-tool-service/src/migrationtool/service/migration/service.go:62.5,62.15 1 0
github.com/aydinmuzaffer/migration-tool-service/src/migrationtool/service/migration/service.go:41.19,43.6 1 0
github.com/aydinmuzaffer/migration-tool-service/src/migrationtool/service/migration/service.go:45.67,47.6 1 0
github.com/aydinmuzaffer/migration-tool-service/src/migrationtool/service/migration/service.go:50.19,52.6 1 0
github.com/aydinmuzaffer/migration-tool-service/src/migrationtool/service/migration/service.go:55.19,57.6 1 0
github.com/aydinmuzaffer/migration-tool-service/src/migrationtool/service/migration/service.go:59.85,61.6 1 0
github.com/aydinmuzaffer/migration-tool-service/src/migrationtool/service/migration/service.go:66.33,68.3 1 0
github.com/aydinmuzaffer/migration-tool-service/src/migrationtool/service/migration/service.go:74.80,83.2 1 0
github.com/aydinmuzaffer/migration-tool-service/src/migrationtool/storage/vendor_list/delivery_area.go:16.96,20.2 1 0
github.com/aydinmuzaffer/migration-tool-service/src/migrationtool/storage/vendor_list/delivery_area.go:22.118,42.2 4 0
github.com/aydinmuzaffer/migration-tool-service/src/migrationtool/storage/vendor_list/delivery_area.go:44.82,48.2 3 0
github.com/aydinmuzaffer/migration-tool-service/src/migrationtool/storage/vendor_list/delivery_area_polygon.go:16.134,27.2 4 0
github.com/aydinmuzaffer/migration-tool-service/src/migrationtool/storage/vendor_list/delivery_area_polygon.go:31.42,35.2 1 0
github.com/aydinmuzaffer/migration-tool-service/src/utils/envutils/util.go:5.42,6.38 1 1
github.com/aydinmuzaffer/migration-tool-service/src/utils/envutils/util.go:9.2,9.17 1 0
github.com/aydinmuzaffer/migration-tool-service/src/utils/envutils/util.go:6.38,8.3 1 1
github.com/aydinmuzaffer/migration-tool-service/src/db/gormtransaction/db.go:21.46,23.2 1 0
github.com/aydinmuzaffer/migration-tool-service/src/db/gormtransaction/db.go:25.62,26.41 1 0
github.com/aydinmuzaffer/migration-tool-service/src/db/gormtransaction/db.go:30.2,30.31 1 0
github.com/aydinmuzaffer/migration-tool-service/src/db/gormtransaction/db.go:26.41,28.3 1 0
github.com/aydinmuzaffer/migration-tool-service/src/db/gormtransaction/transaction.go:19.47,21.2 1 0
github.com/aydinmuzaffer/migration-tool-service/src/db/gormtransaction/transaction.go:26.110,30.15 2 0
github.com/aydinmuzaffer/migration-tool-service/src/db/gormtransaction/transaction.go:43.2,45.16 2 0
github.com/aydinmuzaffer/migration-tool-service/src/db/gormtransaction/transaction.go:50.2,50.54 1 0
github.com/aydinmuzaffer/migration-tool-service/src/db/gormtransaction/transaction.go:53.2,53.12 1 0
github.com/aydinmuzaffer/migration-tool-service/src/db/gormtransaction/transaction.go:30.15,31.31 1 0
github.com/aydinmuzaffer/migration-tool-service/src/db/gormtransaction/transaction.go:35.3,35.17 1 0
github.com/aydinmuzaffer/migration-tool-service/src/db/gormtransaction/transaction.go:31.31,34.4 2 0
github.com/aydinmuzaffer/migration-tool-service/src/db/gormtransaction/transaction.go:35.17,36.38 1 0
github.com/aydinmuzaffer/migration-tool-service/src/db/gormtransaction/transaction.go:36.38,38.5 1 0
github.com/aydinmuzaffer/migration-tool-service/src/db/gormtransaction/transaction.go:45.16,47.3 1 0
github.com/aydinmuzaffer/migration-tool-service/src/db/gormtransaction/transaction.go:50.54,52.3 1 0
github.com/aydinmuzaffer/migration-tool-service/src/db/gormtransaction/transaction.go:59.65,61.2 1 0
github.com/aydinmuzaffer/migration-tool-service/src/db/gormtransaction/transaction.go:64.46,65.49 1 0
github.com/aydinmuzaffer/migration-tool-service/src/db/gormtransaction/transaction.go:68.2,68.12 1 0
github.com/aydinmuzaffer/migration-tool-service/src/db/gormtransaction/transaction.go:65.49,67.3 1 0
github.com/aydinmuzaffer/migration-tool-service/src/utils/collectionutils/util.go:3.70,5.58 2 0
github.com/aydinmuzaffer/migration-tool-service/src/utils/collectionutils/util.go:8.2,11.15 4 0
github.com/aydinmuzaffer/migration-tool-service/src/utils/collectionutils/util.go:5.58,7.3 1 0
github.com/aydinmuzaffer/migration-tool-service/src/migrationtool/service/migration/service.go:28.63,30.16 2 0
github.com/aydinmuzaffer/migration-tool-service/src/migrationtool/service/migration/service.go:34.2,36.34 3 0
github.com/aydinmuzaffer/migration-tool-service/src/migrationtool/service/migration/service.go:66.2,66.33 1 0
github.com/aydinmuzaffer/migration-tool-service/src/migrationtool/service/migration/service.go:69.2,69.12 1 0
github.com/aydinmuzaffer/migration-tool-service/src/migrationtool/service/migration/service.go:30.16,32.3 1 0
github.com/aydinmuzaffer/migration-tool-service/src/migrationtool/service/migration/service.go:36.34,38.26 2 0
github.com/aydinmuzaffer/migration-tool-service/src/migrationtool/service/migration/service.go:38.26,39.22 1 0
github.com/aydinmuzaffer/migration-tool-service/src/migrationtool/service/migration/service.go:39.22,41.19 2 0
github.com/aydinmuzaffer/migration-tool-service/src/migrationtool/service/migration/service.go:45.5,45.67 1 0
github.com/aydinmuzaffer/migration-tool-service/src/migrationtool/service/migration/service.go:49.5,50.19 2 0
github.com/aydinmuzaffer/migration-tool-service/src/migrationtool/service/migration/service.go:54.5,55.19 2 0
github.com/aydinmuzaffer/migration-tool-service/src/migrationtool/service/migration/service.go:59.5,59.85 1 0
github.com/aydinmuzaffer/migration-tool-service/src/migrationtool/service/migration/service.go:62.5,62.15 1 0
github.com/aydinmuzaffer/migration-tool-service/src/migrationtool/service/migration/service.go:41.19,43.6 1 0
github.com/aydinmuzaffer/migration-tool-service/src/migrationtool/service/migration/service.go:45.67,47.6 1 0
github.com/aydinmuzaffer/migration-tool-service/src/migrationtool/service/migration/service.go:50.19,52.6 1 0
github.com/aydinmuzaffer/migration-tool-service/src/migrationtool/service/migration/service.go:55.19,57.6 1 0
github.com/aydinmuzaffer/migration-tool-service/src/migrationtool/service/migration/service.go:59.85,61.6 1 0
github.com/aydinmuzaffer/migration-tool-service/src/migrationtool/service/migration/service.go:66.33,68.3 1 0
github.com/aydinmuzaffer/migration-tool-service/src/migrationtool/service/migration/service.go:74.80,83.2 1 0
github.com/aydinmuzaffer/migration-tool-service/src/migrationtool/storage/vendor_list/delivery_area_polygon.go:16.134,27.2 4 0
github.com/aydinmuzaffer/migration-tool-service/src/migrationtool/storage/vendor_list/delivery_area_polygon.go:31.42,35.2 1 0
github.com/aydinmuzaffer/migration-tool-service/src/utils/collectionutils/util.go:3.70,5.58 2 1
github.com/aydinmuzaffer/migration-tool-service/src/utils/collectionutils/util.go:8.2,11.15 4 1
github.com/aydinmuzaffer/migration-tool-service/src/utils/collectionutils/util.go:5.58,7.3 1 1
github.com/aydinmuzaffer/migration-tool-service/src/db/gormtransaction/transaction.go:19.47,21.2 1 0
github.com/aydinmuzaffer/migration-tool-service/src/db/gormtransaction/transaction.go:26.110,30.15 2 0
github.com/aydinmuzaffer/migration-tool-service/src/db/gormtransaction/transaction.go:43.2,45.16 2 0
github.com/aydinmuzaffer/migration-tool-service/src/db/gormtransaction/transaction.go:50.2,50.54 1 0
github.com/aydinmuzaffer/migration-tool-service/src/db/gormtransaction/transaction.go:53.2,53.12 1 0
github.com/aydinmuzaffer/migration-tool-service/src/db/gormtransaction/transaction.go:30.15,31.31 1 0
github.com/aydinmuzaffer/migration-tool-service/src/db/gormtransaction/transaction.go:35.3,35.17 1 0
github.com/aydinmuzaffer/migration-tool-service/src/db/gormtransaction/transaction.go:31.31,34.4 2 0
github.com/aydinmuzaffer/migration-tool-service/src/db/gormtransaction/transaction.go:35.17,36.38 1 0
github.com/aydinmuzaffer/migration-tool-service/src/db/gormtransaction/transaction.go:36.38,38.5 1 0
github.com/aydinmuzaffer/migration-tool-service/src/db/gormtransaction/transaction.go:45.16,47.3 1 0
github.com/aydinmuzaffer/migration-tool-service/src/db/gormtransaction/transaction.go:50.54,52.3 1 0
github.com/aydinmuzaffer/migration-tool-service/src/db/gormtransaction/transaction.go:59.65,61.2 1 0
github.com/aydinmuzaffer/migration-tool-service/src/db/gormtransaction/transaction.go:64.46,65.49 1 0
github.com/aydinmuzaffer/migration-tool-service/src/db/gormtransaction/transaction.go:68.2,68.12 1 0
github.com/aydinmuzaffer/migration-tool-service/src/db/gormtransaction/transaction.go:65.49,67.3 1 0
github.com/aydinmuzaffer/migration-tool-service/src/migrationtool/service/delivery_area_polygon/service.go:27.41,29.2 1 0
github.com/aydinmuzaffer/migration-tool-service/src/migrationtool/service/delivery_area_polygon/service.go:31.98,36.2 2 0
github.com/aydinmuzaffer/migration-tool-service/src/migrationtool/service/delivery_area_polygon/service.go:38.103,41.31 2 0
github.com/aydinmuzaffer/migration-tool-service/src/migrationtool/service/delivery_area_polygon/service.go:50.2,50.31 1 0
github.com/aydinmuzaffer/migration-tool-service/src/migrationtool/service/delivery_area_polygon/service.go:57.2,57.36 1 0
github.com/aydinmuzaffer/migration-tool-service/src/migrationtool/service/delivery_area_polygon/service.go:61.2,61.44 1 0
github.com/aydinmuzaffer/migration-tool-service/src/migrationtool/service/delivery_area_polygon/service.go:41.31,42.24 1 0
github.com/aydinmuzaffer/migration-tool-service/src/migrationtool/service/delivery_area_polygon/service.go:42.24,43.50 1 0
github.com/aydinmuzaffer/migration-tool-service/src/migrationtool/service/delivery_area_polygon/service.go:46.4,46.14 1 0
github.com/aydinmuzaffer/migration-tool-service/src/migrationtool/service/delivery_area_polygon/service.go:43.50,45.5 1 0
github.com/aydinmuzaffer/migration-tool-service/src/migrationtool/service/delivery_area_polygon/service.go:50.31,51.24 1 0
github.com/aydinmuzaffer/migration-tool-service/src/migrationtool/service/delivery_area_polygon/service.go:51.24,54.4 2 0
github.com/aydinmuzaffer/migration-tool-service/src/migrationtool/service/delivery_area_polygon/service.go:57.36,59.3 1 0
github.com/aydinmuzaffer/migration-tool-service/src/migrationtool/service/delivery_area_polygon/service.go:76.77,78.28 2 0
github.com/aydinmuzaffer/migration-tool-service/src/migrationtool/service/delivery_area_polygon/service.go:87.2,88.10 2 0
github.com/aydinmuzaffer/migration-tool-service/src/migrationtool/service/delivery_area_polygon/service.go:78.28,86.3 3 0
github.com/aydinmuzaffer/migration-tool-service/src/migrationtool/service/delivery_area_polygon/service.go:91.82,92.36 1 0
github.com/aydinmuzaffer/migration-tool-service/src/migrationtool/service/delivery_area_polygon/service.go:100.2,100.15 1 0
github.com/aydinmuzaffer/migration-tool-service/src/migrationtool/service/delivery_area_polygon/service.go:92.36,95.17 3 0
github.com/aydinmuzaffer/migration-tool-service/src/migrationtool/service/delivery_area_polygon/service.go:98.3,98.29 1 0
github.com/aydinmuzaffer/migration-tool-service/src/migrationtool/service/delivery_area_polygon/service.go:95.17,97.4 1 0
github.com/aydinmuzaffer/migration-tool-service/src/migrationtool/service/delivery_area_polygon/service.go:103.79,104.36 1 0
github.com/aydinmuzaffer/migration-tool-service/src/migrationtool/service/delivery_area_polygon/service.go:109.2,109.10 1 0
github.com/aydinmuzaffer/migration-tool-service/src/migrationtool/service/delivery_area_polygon/service.go:104.36,108.3 3 0
github.com/aydinmuzaffer/migration-tool-service/src/migrationtool/service/delivery_area_polygon/service.go:112.87,114.2 1 0
github.com/aydinmuzaffer/migration-tool-service/src/migrationtool/service/delivery_area_polygon/service.go:116.131,118.26 2 0
github.com/aydinmuzaffer/migration-tool-service/src/migrationtool/service/delivery_area_polygon/service.go:137.2,137.26 1 0
github.com/aydinmuzaffer/migration-tool-service/src/migrationtool/service/delivery_area_polygon/service.go:118.26,122.17 4 0
github.com/aydinmuzaffer/migration-tool-service/src/migrationtool/service/delivery_area_polygon/service.go:126.3,135.40 5 0
github.com/aydinmuzaffer/migration-tool-service/src/migrationtool/service/delivery_area_polygon/service.go:122.17,124.12 2 0
github.com/aydinmuzaffer/migration-tool-service/src/migrationtool/service/delivery_area_polygon/service.go:140.58,143.31 3 0
github.com/aydinmuzaffer/migration-tool-service/src/migrationtool/service/delivery_area_polygon/service.go:153.2,155.19 3 0
github.com/aydinmuzaffer/migration-tool-service/src/migrationtool/service/delivery_area_polygon/service.go:158.2,158.66 1 0
github.com/aydinmuzaffer/migration-tool-service/src/migrationtool/service/delivery_area_polygon/service.go:143.31,144.27 1 0
github.com/aydinmuzaffer/migration-tool-service/src/migrationtool/service/delivery_area_polygon/service.go:144.27,149.4 4 0
github.com/aydinmuzaffer/migration-tool-service/src/migrationtool/service/delivery_area_polygon/service.go:155.19,157.3 1 0
github.com/aydinmuzaffer/migration-tool-service/src/migrationtool/service/delivery_area_polygon/service.go:161.74,163.16 2 0
github.com/aydinmuzaffer/migration-tool-service/src/migrationtool/service/delivery_area_polygon/service.go:166.2,167.42 2 0
github.com/aydinmuzaffer/migration-tool-service/src/migrationtool/service/delivery_area_polygon/service.go:170.2,171.32 2 0
github.com/aydinmuzaffer/migration-tool-service/src/migrationtool/service/delivery_area_polygon/service.go:163.16,165.3 1 0
github.com/aydinmuzaffer/migration-tool-service/src/migrationtool/service/delivery_area_polygon/service.go:167.42,169.3 1 0
github.com/aydinmuzaffer/migration-tool-service/src/migrationtool/storage/vendor_list/delivery_area.go:16.96,20.2 1 0
github.com/aydinmuzaffer/migration-tool-service/src/migrationtool/storage/vendor_list/delivery_area.go:22.118,42.2 4 0
github.com/aydinmuzaffer/migration-tool-service/src/migrationtool/storage/vendor_list/delivery_area.go:44.82,48.2 3 0
github.com/aydinmuzaffer/migration-tool-service/src/utils/envutils/util.go:5.42,6.38 1 0
github.com/aydinmuzaffer/migration-tool-service/src/utils/envutils/util.go:9.2,9.17 1 0
github.com/aydinmuzaffer/migration-tool-service/src/utils/envutils/util.go:6.38,8.3 1 0
github.com/aydinmuzaffer/migration-tool-service/src/db/gormtransaction/db.go:21.46,23.2 1 0
github.com/aydinmuzaffer/migration-tool-service/src/db/gormtransaction/db.go:25.62,26.41 1 0
github.com/aydinmuzaffer/migration-tool-service/src/db/gormtransaction/db.go:30.2,30.31 1 0
github.com/aydinmuzaffer/migration-tool-service/src/db/gormtransaction/db.go:26.41,28.3 1 0
github.com/aydinmuzaffer/migration-tool-service/src/migrationtool/storage/pricing/delivery_area.go:18.111,26.34 5 0
github.com/aydinmuzaffer/migration-tool-service/src/migrationtool/storage/pricing/delivery_area.go:52.2,54.17 3 0
github.com/aydinmuzaffer/migration-tool-service/src/migrationtool/storage/pricing/delivery_area.go:26.34,51.3 12 0
github.com/aydinmuzaffer/migration-tool-service/src/migrationtool/storage/pricing/delivery_area.go:59.35,63.2 1 0
github.com/aydinmuzaffer/migration-tool-service/src/migrationtool/storage/pricing/delivery_area_polygon.go:18.146,25.46 5 0
github.com/aydinmuzaffer/migration-tool-service/src/migrationtool/storage/pricing/delivery_area_polygon.go:35.2,37.17 3 0
github.com/aydinmuzaffer/migration-tool-service/src/migrationtool/storage/pricing/delivery_area_polygon.go:25.46,34.3 4 0
github.com/aydinmuzaffer/migration-tool-service/src/migrationtool/storage/pricing/delivery_area_polygon.go:42.42,46.2 1 0
